<?xml version="1.0" encoding="UTF-8"?>
<testsuite name="StudentDaoSpec" tests="1" skipped="0" failures="0" errors="0" timestamp="2020-10-09T09:16:03" hostname="CE-106" time="0.975">
  <properties/>
  <testcase name="updateNotExistingStudentReturnsNull" classname="StudentDaoSpec" time="0.975"/>
  <system-out><![CDATA[[EL Info]: 2020-10-09 11:16:03.797--ServerSession(222911687)--EclipseLink, version: Eclipse Persistence Services - 2.7.7.v20200504-69f2c2b80d
]]></system-out>
  <system-err><![CDATA[]]></system-err>
</testsuite>
