<?xml version="1.0" encoding="UTF-8"?>
<testsuite name="StudentDaoSpec" tests="1" skipped="0" failures="0" errors="0" timestamp="2020-10-15T08:52:58" hostname="CE-106" time="1.165">
  <properties/>
  <testcase name="findAllBornBeforeReturnsMatchingEntities" classname="StudentDaoSpec" time="1.165"/>
  <system-out><![CDATA[[EL Info]: 2020-10-15 10:52:59.171--ServerSession(335213012)--EclipseLink, version: Eclipse Persistence Services - 2.7.7.v20200504-69f2c2b80d
]]></system-out>
  <system-err><![CDATA[]]></system-err>
</testsuite>
